<?xml version="1.0" encoding="UTF-8"?>
<!-- Generated by org.testng.reporters.JUnitReportReporter -->
<testsuite skipped="0" hostname="HP" name="com.crm.qa.testcases.HomePageTEST" tests="3" failures="0" timestamp="15 Sep 2018 07:43:26 GMT" time="103.018" errors="0">
  <testcase name="verifyHomePageTitleTest" time="26.601" classname="com.crm.qa.testcases.HomePageTEST"/>
  <testcase name="verifyUserNameTest" time="38.255" classname="com.crm.qa.testcases.HomePageTEST"/>
  <testcase name="verifyContactsLinkTest" time="38.162" classname="com.crm.qa.testcases.HomePageTEST"/>
</testsuite> <!-- com.crm.qa.testcases.HomePageTEST -->
