<?xml version="1.0" encoding="UTF-8"?>
<!-- Generated by org.testng.reporters.JUnitReportReporter -->
<testsuite skipped="0" hostname="HP" name="com.crm.qa.testcases.LoginPageTest" tests="3" failures="0" timestamp="15 Sep 2018 07:43:26 GMT" time="65.799" errors="0">
  <testcase name="loginPageTitleTest" time="12.134" classname="com.crm.qa.testcases.LoginPageTest"/>
  <testcase name="crmlogoImageTest" time="19.155" classname="com.crm.qa.testcases.LoginPageTest"/>
  <testcase name="loginTest" time="34.510" classname="com.crm.qa.testcases.LoginPageTest"/>
</testsuite> <!-- com.crm.qa.testcases.LoginPageTest -->
